mode: set
github.com/PhilLar/Images-back/handlers/handlers.go:35.50,36.36 1 1
github.com/PhilLar/Images-back/handlers/handlers.go:36.36,38.17 2 1
github.com/PhilLar/Images-back/handlers/handlers.go:42.3,42.42 1 1
github.com/PhilLar/Images-back/handlers/handlers.go:46.3,48.17 3 1
github.com/PhilLar/Images-back/handlers/handlers.go:53.3,54.17 2 1
github.com/PhilLar/Images-back/handlers/handlers.go:59.3,65.40 3 1
github.com/PhilLar/Images-back/handlers/handlers.go:38.17,41.4 2 1
github.com/PhilLar/Images-back/handlers/handlers.go:42.42,44.4 1 1
github.com/PhilLar/Images-back/handlers/handlers.go:48.17,51.4 2 1
github.com/PhilLar/Images-back/handlers/handlers.go:54.17,57.4 2 1
github.com/PhilLar/Images-back/handlers/handlers.go:68.55,69.36 1 1
github.com/PhilLar/Images-back/handlers/handlers.go:69.36,71.17 2 1
github.com/PhilLar/Images-back/handlers/handlers.go:75.3,76.17 2 1
github.com/PhilLar/Images-back/handlers/handlers.go:79.3,79.43 1 1
github.com/PhilLar/Images-back/handlers/handlers.go:71.17,74.4 2 1
github.com/PhilLar/Images-back/handlers/handlers.go:76.17,78.4 1 1
github.com/PhilLar/Images-back/handlers/handlers.go:83.54,84.36 1 1
github.com/PhilLar/Images-back/handlers/handlers.go:84.36,85.34 1 1
github.com/PhilLar/Images-back/handlers/handlers.go:88.3,89.17 2 1
github.com/PhilLar/Images-back/handlers/handlers.go:93.3,94.26 2 1
github.com/PhilLar/Images-back/handlers/handlers.go:102.3,102.52 1 1
github.com/PhilLar/Images-back/handlers/handlers.go:85.34,87.4 1 1
github.com/PhilLar/Images-back/handlers/handlers.go:89.17,92.4 2 1
github.com/PhilLar/Images-back/handlers/handlers.go:94.26,101.4 2 1
github.com/PhilLar/Images-back/handlers/handlers.go:106.60,112.2 3 1
