mode: set
github.com/PhilLar/Images-back/handlers/handlers.go:37.50,38.36 1 1
github.com/PhilLar/Images-back/handlers/handlers.go:38.36,40.17 2 1
github.com/PhilLar/Images-back/handlers/handlers.go:44.3,44.42 1 1
github.com/PhilLar/Images-back/handlers/handlers.go:48.3,50.17 3 1
github.com/PhilLar/Images-back/handlers/handlers.go:55.3,56.17 2 1
github.com/PhilLar/Images-back/handlers/handlers.go:61.3,68.32 4 1
github.com/PhilLar/Images-back/handlers/handlers.go:71.3,71.40 1 1
github.com/PhilLar/Images-back/handlers/handlers.go:40.17,43.4 2 1
github.com/PhilLar/Images-back/handlers/handlers.go:44.42,46.4 1 0
github.com/PhilLar/Images-back/handlers/handlers.go:50.17,53.4 2 0
github.com/PhilLar/Images-back/handlers/handlers.go:56.17,59.4 2 0
github.com/PhilLar/Images-back/handlers/handlers.go:68.32,70.4 1 0
github.com/PhilLar/Images-back/handlers/handlers.go:74.55,75.36 1 1
github.com/PhilLar/Images-back/handlers/handlers.go:75.36,77.17 2 1
github.com/PhilLar/Images-back/handlers/handlers.go:81.3,82.17 2 1
github.com/PhilLar/Images-back/handlers/handlers.go:85.3,85.43 1 1
github.com/PhilLar/Images-back/handlers/handlers.go:77.17,80.4 2 1
github.com/PhilLar/Images-back/handlers/handlers.go:82.17,84.4 1 1
github.com/PhilLar/Images-back/handlers/handlers.go:89.54,90.36 1 1
github.com/PhilLar/Images-back/handlers/handlers.go:90.36,91.34 1 1
github.com/PhilLar/Images-back/handlers/handlers.go:94.3,95.17 2 1
github.com/PhilLar/Images-back/handlers/handlers.go:99.3,100.26 2 1
github.com/PhilLar/Images-back/handlers/handlers.go:108.3,108.52 1 1
github.com/PhilLar/Images-back/handlers/handlers.go:91.34,93.4 1 1
github.com/PhilLar/Images-back/handlers/handlers.go:95.17,98.4 2 1
github.com/PhilLar/Images-back/handlers/handlers.go:100.26,107.4 2 1
github.com/PhilLar/Images-back/handlers/handlers.go:112.60,118.2 3 1
